<?xml version="1.0" encoding="UTF-8"?>
<!-- Generated by org.testng.reporters.JUnitReportReporter -->
<testsuite hostname="Mrithul-PC" failures="0" tests="1" name="pack.SauceDemo" time="7.892" errors="0" timestamp="2023-06-14T15:38:16 IST" skipped="0">
  <testcase classname="pack.SauceDemo" name="DemoProject" time="7.892"/>
  <system-out/>
</testsuite> <!-- pack.SauceDemo -->
